============================================================
ğŸ“Š ØªÙ‚Ø±ÙŠØ± ØªØ´ØºÙŠÙ„ SaudiHack Ø§Ù„ØªÙ„Ù‚Ø§Ø¦ÙŠ
============================================================
ğŸ• ÙˆÙ‚Øª Ø§Ù„Ø¨Ø¯Ø¡: 2025-09-15 01:07:51.233240
ğŸ ÙˆÙ‚Øª Ø§Ù„Ø§Ù†ØªÙ‡Ø§Ø¡: 2025-09-15 01:07:57.126312
ğŸ“‹ Ø¥Ø¬Ù…Ø§Ù„ÙŠ Ø§Ù„Ø£ÙˆØ§Ù…Ø±: 4
âœ… Ø§Ù„Ø£ÙˆØ§Ù…Ø± Ø§Ù„Ù†Ø§Ø¬Ø­Ø©: 1
âŒ Ø§Ù„Ø£ÙˆØ§Ù…Ø± Ø§Ù„ÙØ§Ø´Ù„Ø©: 3
============================================================

ğŸ¯ Ø¹Ø±Ø¶ Ø§Ù„Ù…ÙˆØ§Ù‚Ø¹ Ø§Ù„Ù…ØµØ§Ø¨Ø©
ğŸ“ Ø§Ù„Ø£Ù…Ø±: python show_infected_sites.py
ğŸ“Š Ø§Ù„Ù†ØªÙŠØ¬Ø©: âŒ ÙØ´Ù„
âš ï¸ Ø§Ù„Ø£Ø®Ø·Ø§Ø¡:
Traceback (most recent call last):
  File "C:\Users\Dell\OneDrive\Desktop\SaudiHack\show_infected_sites.py", line 354, in main
    viewer.run()
  File "C:\Users\Dell\OneDrive\Desktop\SaudiHack\show_infected_sites.py", line 326, in run
    print("\U0001f680      ...")
  File "C:\Program Files\Python312\Lib\encodings\cp1256.py", line 19, in encode
    return codecs.charmap_encode(input,self.errors,encoding_table)[0]
           ^^^^^^^^^^^^^^^^^^^^^^^^^^^^^^^^^^^^^^^^^^^^^^^^^^^^^^^
UnicodeEncodeError: 'charmap' codec can't encode character '\U0001f680' in position 0: character maps to <undefined>

During handling of the above exception, another exception occurred:

Traceback (most recent call last):
  File "C:\Users\Dell\OneDrive\Desktop\SaudiHack\show_infected_sites.py", line 361, in <module>
    main()
  File "C:\Users\Dell\OneDrive\Desktop\SaudiHack\show_infected_sites.py", line 358, in main
    print(f"\u274c   : {e}")
  File "C:\Program Files\Python312\Lib\encodings\cp1256.py", line 19, in encode
    return codecs.charmap_encode(input,self.errors,encoding_table)[0]
           ^^^^^^^^^^^^^^^^^^^^^^^^^^^^^^^^^^^^^^^^^^^^^^^^^^^^^^^
UnicodeEncodeError: 'charmap' codec can't encode character '\u274c' in position 0: character maps to <undefined>

----------------------------------------

ğŸ¯ Ø¹Ø±Ø¶ Ø±ÙˆØ§Ø¨Ø· Ø§Ù„Ø«ØºØ±Ø§Øª
ğŸ“ Ø§Ù„Ø£Ù…Ø±: python show_vulnerability_links.py
ğŸ“Š Ø§Ù„Ù†ØªÙŠØ¬Ø©: âŒ ÙØ´Ù„
âš ï¸ Ø§Ù„Ø£Ø®Ø·Ø§Ø¡:
Traceback (most recent call last):
  File "C:\Users\Dell\OneDrive\Desktop\SaudiHack\show_vulnerability_links.py", line 447, in main
    viewer.run()
  File "C:\Users\Dell\OneDrive\Desktop\SaudiHack\show_vulnerability_links.py", line 429, in run
    print("\U0001f680      ...")
  File "C:\Program Files\Python312\Lib\encodings\cp1256.py", line 19, in encode
    return codecs.charmap_encode(input,self.errors,encoding_table)[0]
           ^^^^^^^^^^^^^^^^^^^^^^^^^^^^^^^^^^^^^^^^^^^^^^^^^^^^^^^
UnicodeEncodeError: 'charmap' codec can't encode character '\U0001f680' in position 0: character maps to <undefined>

During handling of the above exception, another exception occurred:

Traceback (most recent call last):
  File "C:\Users\Dell\OneDrive\Desktop\SaudiHack\show_vulnerability_links.py", line 454, in <module>
    main()
  File "C:\Users\Dell\OneDrive\Desktop\SaudiHack\show_vulnerability_links.py", line 451, in main
    print(f"\u274c   : {e}")
  File "C:\Program Files\Python312\Lib\encodings\cp1256.py", line 19, in encode
    return codecs.charmap_encode(input,self.errors,encoding_table)[0]
           ^^^^^^^^^^^^^^^^^^^^^^^^^^^^^^^^^^^^^^^^^^^^^^^^^^^^^^^
UnicodeEncodeError: 'charmap' codec can't encode character '\u274c' in position 0: character maps to <undefined>

----------------------------------------

ğŸ¯ ÙØ­Øµ Ø´Ø§Ù…Ù„ Ù„Ø¬Ù…ÙŠØ¹ Ø§Ù„Ù…ÙˆØ§Ù‚Ø¹
ğŸ“ Ø§Ù„Ø£Ù…Ø±: python main.py --scan-all
ğŸ“Š Ø§Ù„Ù†ØªÙŠØ¬Ø©: âŒ ÙØ´Ù„
âš ï¸ Ø§Ù„Ø£Ø®Ø·Ø§Ø¡:
Traceback (most recent call last):
  File "C:\Users\Dell\OneDrive\Desktop\SaudiHack\main.py", line 13, in <module>
    from gui.main_window import MainWindow
  File "C:\Users\Dell\OneDrive\Desktop\SaudiHack\gui\main_window.py", line 18, in <module>
    from utils.report_generator import ReportGenerator
ImportError: cannot import name 'ReportGenerator' from 'utils.report_generator' (C:\Users\Dell\OneDrive\Desktop\SaudiHack\utils\report_generator.py)

----------------------------------------

ğŸ¯ ØªØ­Ù„ÙŠÙ„ Ø§Ù„Ø«ØºØ±Ø§Øª Ø§Ù„Ø£Ù…Ù†ÙŠØ©
ğŸ“ Ø§Ù„Ø£Ù…Ø±: python core/vulnerability_analyzer.py
ğŸ“Š Ø§Ù„Ù†ØªÙŠØ¬Ø©: âœ… Ù†Ø§Ø¬Ø­
----------------------------------------

